<?xml version="1.0" encoding="UTF-8"?>
<!-- Generated by org.testng.reporters.JUnitXMLReporter -->
<testsuite ignored="1" hostname="INLT30170" failures="0" tests="5" name="Test" time="4.043" errors="0" timestamp="2021-03-01T11:02:45 IST">
  <testcase classname="testPages.FlipLoginTest" name="@BeforeTest initialize" time="3.815">
    <failure type="org.openqa.selenium.WebDriverException" message="unknown error: cannot determine loading status
from disconnected: received Inspector.detached event
  (Session info: chrome=88.0.4324.190)
  (Driver info: chromedriver=88.0.4324.96 (68dba2d8a0b149a1d3afac56fa74648032bcf46b-refs/branch-heads/4324@{#1784}),platform=Windows NT 10.0.18362 x86_64) (WARNING: The server did not provide any stacktrace information)
Command duration or timeout: 1.92 seconds
Build info: version: &amp;apos;2.53.1&amp;apos;, revision: &amp;apos;a36b8b1cd5757287168e54b817830adce9b0158d&amp;apos;, time: &amp;apos;2016-06-30 19:26:09&amp;apos;
System info: host: &amp;apos;INLT30170&amp;apos;, ip: &amp;apos;192.168.43.178&amp;apos;, os.name: &amp;apos;Windows 10&amp;apos;, os.arch: &amp;apos;amd64&amp;apos;, os.version: &amp;apos;10.0&amp;apos;, java.version: &amp;apos;15.0.1&amp;apos;
Driver info: org.openqa.selenium.chrome.ChromeDriver
Capabilities [{mobileEmulationEnabled=false, timeouts={implicit=0, pageLoad=300000, script=30000}, hasTouchScreen=false, platform=XP, acceptSslCerts=false, goog:chromeOptions={debuggerAddress=localhost:58898}, acceptInsecureCerts=false, webStorageEnabled=true, browserName=chrome, takesScreenshot=true, javascriptEnabled=true, setWindowRect=true, webauthn:extension:largeBlob=true, unexpectedAlertBehaviour=ignore, applicationCacheEnabled=false, rotatable=false, networkConnectionEnabled=false, chrome={chromedriverVersion=88.0.4324.96 (68dba2d8a0b149a1d3afac56fa74648032bcf46b-refs/branch-heads/4324@{#1784}), userDataDir=C:\Users\NAREND~1.RAG\AppData\Local\Temp\scoped_dir10072_760096611}, takesHeapSnapshot=true, pageLoadStrategy=normal, strictFileInteractability=false, databaseEnabled=false, handlesAlerts=true, version=88.0.4324.190, browserConnectionEnabled=false, proxy={}, nativeEvents=true, locationContextEnabled=true, cssSelectorsEnabled=true, webauthn:virtualAuthenticators=true}]
Session ID: 291c06d44058aacc36e683d3a1ec768c">
      <![CDATA[org.openqa.selenium.WebDriverException: unknown error: cannot determine loading status
from disconnected: received Inspector.detached event
  (Session info: chrome=88.0.4324.190)
  (Driver info: chromedriver=88.0.4324.96 (68dba2d8a0b149a1d3afac56fa74648032bcf46b-refs/branch-heads/4324@{#1784}),platform=Windows NT 10.0.18362 x86_64) (WARNING: The server did not provide any stacktrace information)
Command duration or timeout: 1.92 seconds
Build info: version: '2.53.1', revision: 'a36b8b1cd5757287168e54b817830adce9b0158d', time: '2016-06-30 19:26:09'
System info: host: 'INLT30170', ip: '192.168.43.178', os.name: 'Windows 10', os.arch: 'amd64', os.version: '10.0', java.version: '15.0.1'
Driver info: org.openqa.selenium.chrome.ChromeDriver
Capabilities [{mobileEmulationEnabled=false, timeouts={implicit=0, pageLoad=300000, script=30000}, hasTouchScreen=false, platform=XP, acceptSslCerts=false, goog:chromeOptions={debuggerAddress=localhost:58898}, acceptInsecureCerts=false, webStorageEnabled=true, browserName=chrome, takesScreenshot=true, javascriptEnabled=true, setWindowRect=true, webauthn:extension:largeBlob=true, unexpectedAlertBehaviour=ignore, applicationCacheEnabled=false, rotatable=false, networkConnectionEnabled=false, chrome={chromedriverVersion=88.0.4324.96 (68dba2d8a0b149a1d3afac56fa74648032bcf46b-refs/branch-heads/4324@{#1784}), userDataDir=C:\Users\NAREND~1.RAG\AppData\Local\Temp\scoped_dir10072_760096611}, takesHeapSnapshot=true, pageLoadStrategy=normal, strictFileInteractability=false, databaseEnabled=false, handlesAlerts=true, version=88.0.4324.190, browserConnectionEnabled=false, proxy={}, nativeEvents=true, locationContextEnabled=true, cssSelectorsEnabled=true, webauthn:virtualAuthenticators=true}]
Session ID: 291c06d44058aacc36e683d3a1ec768c
at org.openqa.selenium.remote.ErrorHandler.createThrowable(ErrorHandler.java:206)
at org.openqa.selenium.remote.ErrorHandler.throwIfResponseFailed(ErrorHandler.java:158)
at org.openqa.selenium.remote.RemoteWebDriver.execute(RemoteWebDriver.java:678)
at org.openqa.selenium.remote.RemoteWebDriver.get(RemoteWebDriver.java:316)
at testPages.FlipLoginTest.initialize(FlipLoginTest.java:25)
... Removed 29 stack frames]]>
    </failure>
  </testcase> <!-- @BeforeTest initialize -->
  <testcase classname="testPages.HomePageTests" name="@BeforeTest initialize" time="-1.614576765365E9">
    <skipped/>
  </testcase> <!-- @BeforeTest initialize -->
  <testcase classname="testPages.ScrollfunctionTest" name="@BeforeTest initializeDriver" time="-1.614576765375E9">
    <skipped/>
  </testcase> <!-- @BeforeTest initializeDriver -->
  <testcase classname="testPages.WebTableTest" name="@BeforeTest initialize" time="-1.614576765381E9">
    <skipped/>
  </testcase> <!-- @BeforeTest initialize -->
  <testcase classname="testPages.FlipLoginTest" name="@AfterTest teardown" time="-1.614576765508E9">
    <skipped/>
  </testcase> <!-- @AfterTest teardown -->
  <testcase classname="testPages.HomePageTests" name="@AfterTest teardown" time="-1.61457676551E9">
    <skipped/>
  </testcase> <!-- @AfterTest teardown -->
  <testcase classname="testPages.WebTableTest" name="printWebTable" time="0.0">
    <skipped/>
  </testcase> <!-- printWebTable -->
  <testcase classname="testPages.FlipLoginTest" name="verifyLoginErrorMessage" time="0.0">
    <skipped/>
  </testcase> <!-- verifyLoginErrorMessage -->
  <testcase classname="testPages.HomePageTests" name="verifyHomePageElements" time="0.0">
    <skipped/>
  </testcase> <!-- verifyHomePageElements -->
  <testcase classname="testPages.HomePageTests" name="validateLoginpagefunction" time="0.0">
    <skipped/>
  </testcase> <!-- validateLoginpagefunction -->
  <testcase classname="testPages.ScrollfunctionTest" name="validateScroller" time="0.0">
    <skipped/>
  </testcase> <!-- validateScroller -->
  <testcase classname="testPages.FlipLoginTest" name="validateLogin" time="0.0">
    <ignored/>
  </testcase> <!-- validateLogin -->
</testsuite> <!-- Test -->
