<?xml version="1.0" encoding="UTF-8"?>
<!-- Generated by org.testng.reporters.JUnitReportReporter -->
<testsuite skipped="0" hostname="NARENDRA" name="net.javaguides.maven_web_project.MavenWebApp.HopePage" tests="1" failures="0" timestamp="19 Aug 2020 02:47:27 GMT" time="3.450" errors="1">
  <testcase name="homepagenavigation" time="3.450" classname="net.javaguides.maven_web_project.MavenWebApp.HopePage">
    <error type="org.openqa.selenium.SessionNotCreatedException" message="session not created: This version of ChromeDriver only supports Chrome version 77
Build info: version: &#039;3.4.0&#039;, revision: &#039;unknown&#039;, time: &#039;unknown&#039;
System info: host: &#039;NARENDRA&#039;, ip: &#039;192.168.43.131&#039;, os.name: &#039;Windows 7&#039;, os.arch: &#039;amd64&#039;, os.version: &#039;6.1&#039;, java.version: &#039;1.8.0_211&#039;
Driver info: driver.version: ChromeDriver
remote stacktrace: Backtrace:
	Ordinal0 [0x011BEBD3+1502163]
	Ordinal0 [0x0113F781+980865]
	Ordinal0 [0x010C763F+489023]
	Ordinal0 [0x0105F2F4+62196]
	Ordinal0 [0x0105BCDA+48346]
	Ordinal0 [0x010797E0+169952]
	Ordinal0 [0x0107940D+168973]
	Ordinal0 [0x010778EB+162027]
	Ordinal0 [0x01060AC7+68295]
	Ordinal0 [0x01061B40+72512]
	Ordinal0 [0x01061AD9+72409]
	Ordinal0 [0x01158FE7+1085415]
	GetHandleVerifier [0x0125D8AD+503293]
	GetHandleVerifier [0x0125D640+502672]
	GetHandleVerifier [0x0126471C+531564]
	GetHandleVerifier [0x0125E0BA+505354]
	Ordinal0 [0x011506B6+1050294]
	Ordinal0 [0x0115052F+1049903]
	Ordinal0 [0x0115B04B+1093707]
	Ordinal0 [0x0115B1B3+1094067]
	Ordinal0 [0x0115A145+1089861]
	BaseThreadInitThunk [0x76E6339A+18]
	RtlInitializeExceptionChain [0x77399ED2+99]
	RtlInitializeExceptionChain [0x77399EA5+54]
">
      <![CDATA[org.openqa.selenium.SessionNotCreatedException: session not created: This version of ChromeDriver only supports Chrome version 77
Build info: version: '3.4.0', revision: 'unknown', time: 'unknown'
System info: host: 'NARENDRA', ip: '192.168.43.131', os.name: 'Windows 7', os.arch: 'amd64', os.version: '6.1', java.version: '1.8.0_211'
Driver info: driver.version: ChromeDriver
remote stacktrace: Backtrace:
Ordinal0 [0x011BEBD3+1502163]
Ordinal0 [0x0113F781+980865]
Ordinal0 [0x010C763F+489023]
Ordinal0 [0x0105F2F4+62196]
Ordinal0 [0x0105BCDA+48346]
Ordinal0 [0x010797E0+169952]
Ordinal0 [0x0107940D+168973]
Ordinal0 [0x010778EB+162027]
Ordinal0 [0x01060AC7+68295]
Ordinal0 [0x01061B40+72512]
Ordinal0 [0x01061AD9+72409]
Ordinal0 [0x01158FE7+1085415]
GetHandleVerifier [0x0125D8AD+503293]
GetHandleVerifier [0x0125D640+502672]
GetHandleVerifier [0x0126471C+531564]
GetHandleVerifier [0x0125E0BA+505354]
Ordinal0 [0x011506B6+1050294]
Ordinal0 [0x0115052F+1049903]
Ordinal0 [0x0115B04B+1093707]
Ordinal0 [0x0115B1B3+1094067]
Ordinal0 [0x0115A145+1089861]
BaseThreadInitThunk [0x76E6339A+18]
RtlInitializeExceptionChain [0x77399ED2+99]
RtlInitializeExceptionChain [0x77399EA5+54]

at sun.reflect.NativeConstructorAccessorImpl.newInstance0(Native Method)
at sun.reflect.NativeConstructorAccessorImpl.newInstance(Unknown Source)
at sun.reflect.DelegatingConstructorAccessorImpl.newInstance(Unknown Source)
at java.lang.reflect.Constructor.newInstance(Unknown Source)
at org.openqa.selenium.remote.W3CHandshakeResponse.lambda$new$0(W3CHandshakeResponse.java:57)
at org.openqa.selenium.remote.W3CHandshakeResponse.lambda$getResponseFunction$2(W3CHandshakeResponse.java:104)
at org.openqa.selenium.remote.ProtocolHandshake.lambda$createSession$22(ProtocolHandshake.java:365)
at java.util.stream.ReferencePipeline$3$1.accept(Unknown Source)
at java.util.Spliterators$ArraySpliterator.tryAdvance(Unknown Source)
at java.util.stream.ReferencePipeline.forEachWithCancel(Unknown Source)
at java.util.stream.AbstractPipeline.copyIntoWithCancel(Unknown Source)
at java.util.stream.AbstractPipeline.copyInto(Unknown Source)
at java.util.stream.AbstractPipeline.wrapAndCopyInto(Unknown Source)
at java.util.stream.FindOps$FindOp.evaluateSequential(Unknown Source)
at java.util.stream.AbstractPipeline.evaluate(Unknown Source)
at java.util.stream.ReferencePipeline.findFirst(Unknown Source)
at org.openqa.selenium.remote.ProtocolHandshake.createSession(ProtocolHandshake.java:368)
at org.openqa.selenium.remote.ProtocolHandshake.createSession(ProtocolHandshake.java:159)
at org.openqa.selenium.remote.HttpCommandExecutor.execute(HttpCommandExecutor.java:142)
at org.openqa.selenium.remote.service.DriverCommandExecutor.execute(DriverCommandExecutor.java:82)
at org.openqa.selenium.remote.RemoteWebDriver.execute(RemoteWebDriver.java:637)
at org.openqa.selenium.remote.RemoteWebDriver.startSession(RemoteWebDriver.java:250)
at org.openqa.selenium.remote.RemoteWebDriver.startSession(RemoteWebDriver.java:236)
at org.openqa.selenium.remote.RemoteWebDriver.<init>(RemoteWebDriver.java:137)
at org.openqa.selenium.chrome.ChromeDriver.<init>(ChromeDriver.java:184)
at org.openqa.selenium.chrome.ChromeDriver.<init>(ChromeDriver.java:171)
at org.openqa.selenium.chrome.ChromeDriver.<init>(ChromeDriver.java:124)
at net.javaguides.maven_web_project.MavenWebApp.baseclass.initializeDriver(baseclass.java:27)
at net.javaguides.maven_web_project.MavenWebApp.HopePage.homepagenavigation(HopePage.java:12)
at sun.reflect.NativeMethodAccessorImpl.invoke0(Native Method)
at sun.reflect.NativeMethodAccessorImpl.invoke(Unknown Source)
at sun.reflect.DelegatingMethodAccessorImpl.invoke(Unknown Source)
at java.lang.reflect.Method.invoke(Unknown Source)
at org.testng.internal.MethodInvocationHelper.invokeMethod(MethodInvocationHelper.java:124)
at org.testng.internal.Invoker.invokeMethod(Invoker.java:583)
at org.testng.internal.Invoker.invokeTestMethod(Invoker.java:719)
at org.testng.internal.Invoker.invokeTestMethods(Invoker.java:989)
at org.testng.internal.TestMethodWorker.invokeTestMethods(TestMethodWorker.java:125)
at org.testng.internal.TestMethodWorker.run(TestMethodWorker.java:109)
at org.testng.TestRunner.privateRun(TestRunner.java:648)
at org.testng.TestRunner.run(TestRunner.java:505)
at org.testng.SuiteRunner.runTest(SuiteRunner.java:455)
at org.testng.SuiteRunner.runSequentially(SuiteRunner.java:450)
at org.testng.SuiteRunner.privateRun(SuiteRunner.java:415)
at org.testng.SuiteRunner.run(SuiteRunner.java:364)
at org.testng.SuiteRunnerWorker.runSuite(SuiteRunnerWorker.java:52)
at org.testng.SuiteRunnerWorker.run(SuiteRunnerWorker.java:84)
at org.testng.TestNG.runSuitesSequentially(TestNG.java:1208)
at org.testng.TestNG.runSuitesLocally(TestNG.java:1137)
at org.testng.TestNG.runSuites(TestNG.java:1049)
at org.testng.TestNG.run(TestNG.java:1017)
at org.testng.remote.AbstractRemoteTestNG.run(AbstractRemoteTestNG.java:115)
at org.testng.remote.RemoteTestNG.initAndRun(RemoteTestNG.java:251)
at org.testng.remote.RemoteTestNG.main(RemoteTestNG.java:77)
]]>
    </error>
  </testcase> <!-- homepagenavigation -->
</testsuite> <!-- net.javaguides.maven_web_project.MavenWebApp.HopePage -->
